<?xml version="1.0" encoding="UTF-8" ?>
<testsuite failures="0" time="0.059" errors="0" skipped="1" tests="1" name="org.urlshortener.core.dao.UrlShortenerWsDAOTest">
  <properties>
    <property name="java.runtime.name" value="Java(TM) SE Runtime Environment"/>
    <property name="sun.boot.library.path" value="C:\J2EE\jdk\jdk1.6.0_17\jre\bin"/>
    <property name="java.vm.version" value="14.3-b01"/>
    <property name="java.vm.vendor" value="Sun Microsystems Inc."/>
    <property name="java.vendor.url" value="http://java.sun.com/"/>
    <property name="path.separator" value=";"/>
    <property name="java.vm.name" value="Java HotSpot(TM) Client VM"/>
    <property name="file.encoding.pkg" value="sun.io"/>
    <property name="user.country" value="ES"/>
    <property name="sun.java.launcher" value="SUN_STANDARD"/>
    <property name="sun.os.patch.level" value=""/>
    <property name="java.vm.specification.name" value="Java Virtual Machine Specification"/>
    <property name="user.dir" value="C:\GWT\Entregas\Simosa_20110915\url-shortener\ushrt-core"/>
    <property name="java.runtime.version" value="1.6.0_17-b04"/>
    <property name="java.awt.graphicsenv" value="sun.awt.Win32GraphicsEnvironment"/>
    <property name="basedir" value="C:\GWT\Entregas\Simosa_20110915\url-shortener\ushrt-core"/>
    <property name="java.endorsed.dirs" value="C:\J2EE\jdk\jdk1.6.0_17\jre\lib\endorsed"/>
    <property name="os.arch" value="x86"/>
    <property name="surefire.real.class.path" value="C:\GWT\Entregas\Simosa_20110915\url-shortener\ushrt-core\target\surefire\surefirebooter3962700273517519676.jar"/>
    <property name="java.io.tmpdir" value="C:\Users\cyague\AppData\Local\Temp\"/>
    <property name="line.separator" value="
"/>
    <property name="java.vm.specification.vendor" value="Sun Microsystems Inc."/>
    <property name="user.variant" value=""/>
    <property name="os.name" value="Windows 7"/>
    <property name="sun.jnu.encoding" value="Cp1252"/>
    <property name="java.library.path" value="C:\J2EE\jdk\jdk1.6.0_17\jre\bin;.;C:\Windows\Sun\Java\bin;C:\Windows\system32;C:\Windows;C:\Program Files\PC Connectivity Solution\;C:\oracle\product\10.2.0\client_1\bin;C:\Program Files\CollabNet Subversion Client;C:\Windows\system32;C:\Windows;C:\Windows\System32\Wbem;C:\Windows\System32\WindowsPowerShell\v1.0\;c:\Program Files\Intel\WiFi\bin\;c:\Program Files\Common Files\Intel\WirelessCommon\;C:\Program Files\NTRU Cryptosystems\NTRU TCG Software Stack\bin\;C:\Program Files\Wave Systems Corp\Gemalto\Access Client\v5\;C:\Program Files\Common Files\Roxio Shared\DLLShared\;C:\Program Files\Common Files\Roxio Shared\10.0\DLLShared\;C:\Program Files\MySQL\MySQL Server 5.0\bin;C:\Program Files\TortoiseSVN\bin;C:\Program Files\7-Zip;c:\Program Files\Microsoft SQL Server\90\Tools\binn\;C:\Program Files\GnuWin32\bin;C:\Program Files\Java\jdk1.6.0_23\bin;C:\GWT\mongodb-win32-i386-1.8.3\bin;C:\Ruby192\bin;C:\Program Files\PC Connectivity Solution\;C:\oracle\product\10.2.0\client_1\bin;C:\Program Files\CollabNet Subversion Client;C:\Windows\system32;C:\Windows;C:\Windows\System32\Wbem;C:\Windows\System32\WindowsPowerShell\v1.0\;c:\Program Files\Intel\WiFi\bin\;c:\Program Files\Common Files\Intel\WirelessCommon\;C:\Program Files\NTRU Cryptosystems\NTRU TCG Software Stack\bin\;C:\Program Files\Wave Systems Corp\Gemalto\Access Client\v5\;C:\Program Files\Common Files\Roxio Shared\DLLShared\;C:\Program Files\Common Files\Roxio Shared\10.0\DLLShared\;C:\Program Files\MySQL\MySQL Server 5.0\bin;C:\Program Files\TortoiseSVN\bin;C:\Program Files\7-Zip;c:\Program Files\Microsoft SQL Server\90\Tools\binn\;C:\Program Files\GnuWin32\bin;C:\Program Files\Java\jdk1.6.0_23\bin;C:\GWT\mongodb-win32-i386-1.8.3\bin;C:\J2EE\apache-maven\apache-maven-3.0.3\bin;C:\Program Files\Git\bin;C:\GWT\SDK\sdk_google_appengine\"/>
    <property name="surefire.test.class.path" value="C:\GWT\Entregas\Simosa_20110915\url-shortener\ushrt-core\target\test-classes;C:\GWT\Entregas\Simosa_20110915\url-shortener\ushrt-core\target\classes;C:\Users\cyague\.m2\repository\org\cloudfoundry\cloudfoundry-runtime\0.7.1\cloudfoundry-runtime-0.7.1.jar;C:\Users\cyague\.m2\repository\org\springframework\spring-context\3.1.0.M2\spring-context-3.1.0.M2.jar;C:\Users\cyague\.m2\repository\org\springframework\spring-aop\3.1.0.M2\spring-aop-3.1.0.M2.jar;C:\Users\cyague\.m2\repository\aopalliance\aopalliance\1.0\aopalliance-1.0.jar;C:\Users\cyague\.m2\repository\org\springframework\spring-beans\3.1.0.M2\spring-beans-3.1.0.M2.jar;C:\Users\cyague\.m2\repository\org\springframework\spring-core\3.1.0.M2\spring-core-3.1.0.M2.jar;C:\Users\cyague\.m2\repository\org\springframework\spring-expression\3.1.0.M2\spring-expression-3.1.0.M2.jar;C:\Users\cyague\.m2\repository\org\springframework\spring-asm\3.1.0.M2\spring-asm-3.1.0.M2.jar;C:\Users\cyague\.m2\repository\org\springframework\spring-jdbc\3.1.0.M2\spring-jdbc-3.1.0.M2.jar;C:\Users\cyague\.m2\repository\org\springframework\spring-tx\3.1.0.M2\spring-tx-3.1.0.M2.jar;C:\Users\cyague\.m2\repository\org\springframework\spring-webmvc\3.1.0.M2\spring-webmvc-3.1.0.M2.jar;C:\Users\cyague\.m2\repository\org\springframework\spring-context-support\3.1.0.M2\spring-context-support-3.1.0.M2.jar;C:\Users\cyague\.m2\repository\org\springframework\spring-web\3.1.0.M2\spring-web-3.1.0.M2.jar;C:\Users\cyague\.m2\repository\org\springframework\ws\spring-xml\2.0.0-M1\spring-xml-2.0.0-M1.jar;C:\Users\cyague\.m2\repository\commons-logging\commons-logging\1.1.1\commons-logging-1.1.1.jar;C:\Users\cyague\.m2\repository\org\aspectj\aspectjrt\1.6.11\aspectjrt-1.6.11.jar;C:\Users\cyague\.m2\repository\org\springframework\data\spring-data-mongodb\1.0.0.M3\spring-data-mongodb-1.0.0.M3.jar;C:\Users\cyague\.m2\repository\org\springframework\data\spring-data-commons-core\1.1.0.M1\spring-data-commons-core-1.1.0.M1.jar;C:\Users\cyague\.m2\repository\org\mongodb\mongo-java-driver\2.5.3\mongo-java-driver-2.5.3.jar;C:\Users\cyague\.m2\repository\org\slf4j\slf4j-api\1.5.10\slf4j-api-1.5.10.jar;C:\Users\cyague\.m2\repository\org\slf4j\jcl-over-slf4j\1.5.10\jcl-over-slf4j-1.5.10.jar;C:\Users\cyague\.m2\repository\org\slf4j\slf4j-log4j12\1.5.10\slf4j-log4j12-1.5.10.jar;C:\Users\cyague\.m2\repository\log4j\log4j\1.2.15\log4j-1.2.15.jar;C:\Users\cyague\.m2\repository\org\apache\log4j\com.springsource.org.apache.log4j\1.2.15\com.springsource.org.apache.log4j-1.2.15.jar;C:\Users\cyague\.m2\repository\junit\junit\4.7\junit-4.7.jar;C:\Users\cyague\.m2\repository\org\springframework\spring-test\3.1.0.M2\spring-test-3.1.0.M2.jar;"/>
    <property name="java.specification.name" value="Java Platform API Specification"/>
    <property name="java.class.version" value="50.0"/>
    <property name="sun.management.compiler" value="HotSpot Client Compiler"/>
    <property name="os.version" value="6.1"/>
    <property name="user.home" value="C:\Users\cyague"/>
    <property name="user.timezone" value=""/>
    <property name="java.awt.printerjob" value="sun.awt.windows.WPrinterJob"/>
    <property name="java.specification.version" value="1.6"/>
    <property name="file.encoding" value="Cp1252"/>
    <property name="user.name" value="cyague"/>
    <property name="java.class.path" value="C:\GWT\Entregas\Simosa_20110915\url-shortener\ushrt-core\target\test-classes;C:\GWT\Entregas\Simosa_20110915\url-shortener\ushrt-core\target\classes;C:\Users\cyague\.m2\repository\org\cloudfoundry\cloudfoundry-runtime\0.7.1\cloudfoundry-runtime-0.7.1.jar;C:\Users\cyague\.m2\repository\org\springframework\spring-context\3.1.0.M2\spring-context-3.1.0.M2.jar;C:\Users\cyague\.m2\repository\org\springframework\spring-aop\3.1.0.M2\spring-aop-3.1.0.M2.jar;C:\Users\cyague\.m2\repository\aopalliance\aopalliance\1.0\aopalliance-1.0.jar;C:\Users\cyague\.m2\repository\org\springframework\spring-beans\3.1.0.M2\spring-beans-3.1.0.M2.jar;C:\Users\cyague\.m2\repository\org\springframework\spring-core\3.1.0.M2\spring-core-3.1.0.M2.jar;C:\Users\cyague\.m2\repository\org\springframework\spring-expression\3.1.0.M2\spring-expression-3.1.0.M2.jar;C:\Users\cyague\.m2\repository\org\springframework\spring-asm\3.1.0.M2\spring-asm-3.1.0.M2.jar;C:\Users\cyague\.m2\repository\org\springframework\spring-jdbc\3.1.0.M2\spring-jdbc-3.1.0.M2.jar;C:\Users\cyague\.m2\repository\org\springframework\spring-tx\3.1.0.M2\spring-tx-3.1.0.M2.jar;C:\Users\cyague\.m2\repository\org\springframework\spring-webmvc\3.1.0.M2\spring-webmvc-3.1.0.M2.jar;C:\Users\cyague\.m2\repository\org\springframework\spring-context-support\3.1.0.M2\spring-context-support-3.1.0.M2.jar;C:\Users\cyague\.m2\repository\org\springframework\spring-web\3.1.0.M2\spring-web-3.1.0.M2.jar;C:\Users\cyague\.m2\repository\org\springframework\ws\spring-xml\2.0.0-M1\spring-xml-2.0.0-M1.jar;C:\Users\cyague\.m2\repository\commons-logging\commons-logging\1.1.1\commons-logging-1.1.1.jar;C:\Users\cyague\.m2\repository\org\aspectj\aspectjrt\1.6.11\aspectjrt-1.6.11.jar;C:\Users\cyague\.m2\repository\org\springframework\data\spring-data-mongodb\1.0.0.M3\spring-data-mongodb-1.0.0.M3.jar;C:\Users\cyague\.m2\repository\org\springframework\data\spring-data-commons-core\1.1.0.M1\spring-data-commons-core-1.1.0.M1.jar;C:\Users\cyague\.m2\repository\org\mongodb\mongo-java-driver\2.5.3\mongo-java-driver-2.5.3.jar;C:\Users\cyague\.m2\repository\org\slf4j\slf4j-api\1.5.10\slf4j-api-1.5.10.jar;C:\Users\cyague\.m2\repository\org\slf4j\jcl-over-slf4j\1.5.10\jcl-over-slf4j-1.5.10.jar;C:\Users\cyague\.m2\repository\org\slf4j\slf4j-log4j12\1.5.10\slf4j-log4j12-1.5.10.jar;C:\Users\cyague\.m2\repository\log4j\log4j\1.2.15\log4j-1.2.15.jar;C:\Users\cyague\.m2\repository\org\apache\log4j\com.springsource.org.apache.log4j\1.2.15\com.springsource.org.apache.log4j-1.2.15.jar;C:\Users\cyague\.m2\repository\junit\junit\4.7\junit-4.7.jar;C:\Users\cyague\.m2\repository\org\springframework\spring-test\3.1.0.M2\spring-test-3.1.0.M2.jar;"/>
    <property name="java.vm.specification.version" value="1.0"/>
    <property name="sun.arch.data.model" value="32"/>
    <property name="java.home" value="C:\J2EE\jdk\jdk1.6.0_17\jre"/>
    <property name="java.specification.vendor" value="Sun Microsystems Inc."/>
    <property name="user.language" value="es"/>
    <property name="awt.toolkit" value="sun.awt.windows.WToolkit"/>
    <property name="java.vm.info" value="mixed mode, sharing"/>
    <property name="java.version" value="1.6.0_17"/>
    <property name="java.ext.dirs" value="C:\J2EE\jdk\jdk1.6.0_17\jre\lib\ext;C:\Windows\Sun\Java\lib\ext"/>
    <property name="sun.boot.class.path" value="C:\J2EE\jdk\jdk1.6.0_17\jre\lib\resources.jar;C:\J2EE\jdk\jdk1.6.0_17\jre\lib\rt.jar;C:\J2EE\jdk\jdk1.6.0_17\jre\lib\sunrsasign.jar;C:\J2EE\jdk\jdk1.6.0_17\jre\lib\jsse.jar;C:\J2EE\jdk\jdk1.6.0_17\jre\lib\jce.jar;C:\J2EE\jdk\jdk1.6.0_17\jre\lib\charsets.jar;C:\J2EE\jdk\jdk1.6.0_17\jre\classes"/>
    <property name="java.vendor" value="Sun Microsystems Inc."/>
    <property name="localRepository" value="C:\Users\cyague\.m2\repository"/>
    <property name="file.separator" value="\"/>
    <property name="java.vendor.url.bug" value="http://java.sun.com/cgi-bin/bugreport.cgi"/>
    <property name="sun.cpu.endian" value="little"/>
    <property name="sun.io.unicode.encoding" value="UnicodeLittle"/>
    <property name="sun.desktop" value="windows"/>
    <property name="sun.cpu.isalist" value="pentium_pro+mmx pentium_pro pentium+mmx pentium i486 i386 i86"/>
  </properties>
  <testcase time="0" classname="org.urlshortener.core.dao.UrlShortenerWsDAOTest" name="org.urlshortener.core.dao.UrlShortenerWsDAOTest">
    <skipped/>
  </testcase>
</testsuite>